2020-04-04T17:42:26.965820Z 0 [Warning] TIMESTAMP with implicit DEFAULT value is deprecated. Please use --explicit_defaults_for_timestamp server option (see documentation for more details).
2020-04-04T17:42:26.967473Z 0 [Note] /usr/sbin/mysqld (mysqld 5.7.23) starting as process 30 ...
2020-04-04T17:42:26.980160Z 0 [Note] InnoDB: PUNCH HOLE support available
2020-04-04T17:42:26.980186Z 0 [Note] InnoDB: Mutexes and rw_locks use GCC atomic builtins
2020-04-04T17:42:26.980191Z 0 [Note] InnoDB: Uses event mutexes
2020-04-04T17:42:26.980195Z 0 [Note] InnoDB: GCC builtin __atomic_thread_fence() is used for memory barrier
2020-04-04T17:42:26.980198Z 0 [Note] InnoDB: Compressed tables use zlib 1.2.3
2020-04-04T17:42:26.980201Z 0 [Note] InnoDB: Using Linux native AIO
2020-04-04T17:42:26.980423Z 0 [Note] InnoDB: Number of pools: 1
2020-04-04T17:42:26.984026Z 0 [Note] InnoDB: Using CPU crc32 instructions
2020-04-04T17:42:26.995735Z 0 [Note] InnoDB: Initializing buffer pool, total size = 32M, instances = 1, chunk size = 32M
2020-04-04T17:42:27.000006Z 0 [Note] InnoDB: Completed initialization of buffer pool
2020-04-04T17:42:27.005740Z 0 [Note] InnoDB: If the mysqld execution user is authorized, page cleaner thread priority can be changed. See the man page of setpriority().
2020-04-04T17:42:27.013732Z 0 [Note] InnoDB: Highest supported file format is Barracuda.
2020-04-04T17:42:27.014144Z 0 [Note] InnoDB: Log scan progressed past the checkpoint lsn 2588963
2020-04-04T17:42:27.014159Z 0 [Note] InnoDB: Doing recovery: scanned up to log sequence number 2591784
2020-04-04T17:42:27.014524Z 0 [Note] InnoDB: Database was not shutdown normally!
2020-04-04T17:42:27.014536Z 0 [Note] InnoDB: Starting crash recovery.
2020-04-04T17:42:27.268498Z 0 [Note] InnoDB: Starting an apply batch of log records to the database...
InnoDB: Progress in percent: 16 17 18 19 20 21 22 23 24 25 26 27 28 29 30 31 32 33 34 35 36 37 38 39 40 41 42 43 44 45 46 47 48 49 50 51 52 53 54 55 56 57 58 59 60 61 62 63 64 65 66 67 68 69 70 71 72 73 74 75 76 77 78 79 80 81 82 83 84 85 86 87 88 89 90 91 92 93 94 95 96 97 98 99 
2020-04-04T17:42:27.276472Z 0 [Note] InnoDB: Apply batch completed
2020-04-04T17:42:27.380689Z 0 [Note] InnoDB: Removed temporary tablespace data file: "ibtmp1"
2020-04-04T17:42:27.380724Z 0 [Note] InnoDB: Creating shared tablespace for temporary tables
2020-04-04T17:42:27.380802Z 0 [Note] InnoDB: Setting file './ibtmp1' size to 12 MB. Physically writing the file full; Please wait ...
2020-04-04T17:42:27.412962Z 0 [Note] InnoDB: File './ibtmp1' size is now 12 MB.
2020-04-04T17:42:27.413702Z 0 [Note] InnoDB: 96 redo rollback segment(s) found. 96 redo rollback segment(s) are active.
2020-04-04T17:42:27.413722Z 0 [Note] InnoDB: 32 non-redo rollback segment(s) are active.
2020-04-04T17:42:27.414136Z 0 [Note] InnoDB: Waiting for purge to start
2020-04-04T17:42:27.464473Z 0 [Note] InnoDB: 5.7.23 started; log sequence number 2591784
2020-04-04T17:42:27.464862Z 0 [Note] Plugin 'FEDERATED' is disabled.
2020-04-04T17:42:27.466917Z 0 [Warning] Failed to set up SSL because of the following SSL library error: SSL context is not usable without certificate and private key
2020-04-04T17:42:27.466935Z 0 [Note] Server hostname (bind-address): '*'; port: 3306
2020-04-04T17:42:27.466977Z 0 [Note] IPv6 is available.
2020-04-04T17:42:27.466989Z 0 [Note]   - '::' resolves to '::';
2020-04-04T17:42:27.466995Z 0 [Note] Server socket created on IP: '::'.
2020-04-04T17:42:27.475182Z 0 [Note] InnoDB: Loading buffer pool(s) from /var/lib/mysql/ib_buffer_pool
2020-04-04T17:42:27.475735Z 0 [Warning] Insecure configuration for --pid-file: Location '/var/run/mysqld' in the path is accessible to all OS users. Consider choosing a different directory.
2020-04-04T17:42:27.478915Z 0 [ERROR] /usr/sbin/mysqld: Table './mysql/user' is marked as crashed and should be repaired
2020-04-04T17:42:27.479110Z 0 [Warning] Checking table:   './mysql/user'
2020-04-04T17:42:27.479126Z 0 [ERROR] 1 client is using or hasn't closed the table properly
2020-04-04T17:42:27.480239Z 0 [Note] InnoDB: Buffer pool(s) load completed at 200404 17:42:27
2020-04-04T17:42:27.480534Z 0 [Warning] 'user' entry 'root@localhost' ignored in --skip-name-resolve mode.
2020-04-04T17:42:27.480559Z 0 [Warning] 'user' entry 'mysql.session@localhost' ignored in --skip-name-resolve mode.
2020-04-04T17:42:27.480567Z 0 [Warning] 'user' entry 'mysql.sys@localhost' ignored in --skip-name-resolve mode.
2020-04-04T17:42:27.480584Z 0 [Warning] 'db' entry 'performance_schema mysql.session@localhost' ignored in --skip-name-resolve mode.
2020-04-04T17:42:27.480588Z 0 [Warning] 'db' entry 'sys mysql.sys@localhost' ignored in --skip-name-resolve mode.
2020-04-04T17:42:27.480597Z 0 [Warning] 'proxies_priv' entry '@ root@localhost' ignored in --skip-name-resolve mode.
2020-04-04T17:42:27.482198Z 0 [Warning] 'tables_priv' entry 'user mysql.session@localhost' ignored in --skip-name-resolve mode.
2020-04-04T17:42:27.482218Z 0 [Warning] 'tables_priv' entry 'sys_config mysql.sys@localhost' ignored in --skip-name-resolve mode.
2020-04-04T17:42:27.499919Z 0 [Note] Event Scheduler: Loaded 0 events
2020-04-04T17:42:27.500089Z 0 [Note] /usr/sbin/mysqld: ready for connections.
Version: '5.7.23'  socket: '/var/run/mysqld/mysqld.sock'  port: 3306  MySQL Community Server (GPL)
2020-04-04T17:42:29.540647Z 4 [ERROR] /usr/sbin/mysqld: Table './mysql/proc' is marked as crashed and should be repaired
2020-04-04T17:42:29.540788Z 4 [Warning] Checking table:   './mysql/proc'
2020-04-04T17:42:29.557385Z 6 [Warning] 'user' entry 'root@localhost' ignored in --skip-name-resolve mode.
2020-04-04T17:42:29.557404Z 6 [Warning] 'user' entry 'mysql.session@localhost' ignored in --skip-name-resolve mode.
2020-04-04T17:42:29.557409Z 6 [Warning] 'user' entry 'mysql.sys@localhost' ignored in --skip-name-resolve mode.
2020-04-04T17:42:29.557422Z 6 [Warning] 'db' entry 'performance_schema mysql.session@localhost' ignored in --skip-name-resolve mode.
2020-04-04T17:42:29.557424Z 6 [Warning] 'db' entry 'sys mysql.sys@localhost' ignored in --skip-name-resolve mode.
2020-04-04T17:42:29.557431Z 6 [Warning] 'proxies_priv' entry '@ root@localhost' ignored in --skip-name-resolve mode.
2020-04-04T17:42:29.557526Z 6 [Warning] 'tables_priv' entry 'user mysql.session@localhost' ignored in --skip-name-resolve mode.
2020-04-04T17:42:29.557533Z 6 [Warning] 'tables_priv' entry 'sys_config mysql.sys@localhost' ignored in --skip-name-resolve mode.
